0 info it worked if it ends with ok
1 verbose cli [ 'C:\\Program Files\\nodejs\\node.exe',
1 verbose cli   'C:\\Program Files\\nodejs\\node_modules\\npm\\bin\\npm-cli.js',
1 verbose cli   'publish' ]
2 info using npm@3.10.3
3 info using node@v6.3.1
4 verbose publish [ '.' ]
5 silly cache add args [ '.', null ]
6 verbose cache add spec .
7 silly cache add parsed spec Result {
7 silly cache add   raw: '.',
7 silly cache add   scope: null,
7 silly cache add   escapedName: null,
7 silly cache add   name: null,
7 silly cache add   rawSpec: '.',
7 silly cache add   spec: 'D:\\D\\all-code-files\\node-course\\generic_functions\\jsonarray_minimizer',
7 silly cache add   type: 'directory' }
8 verbose addLocalDirectory C:\Users\Administrator\AppData\Roaming\npm-cache\jsonarray_minimizer\0.1.0\package.tgz not in flight; packing
9 verbose correctMkdir C:\Users\Administrator\AppData\Roaming\npm-cache correctMkdir not in flight; initializing
10 info lifecycle jsonarray_minimizer@0.1.0~prepublish: jsonarray_minimizer@0.1.0
11 silly lifecycle jsonarray_minimizer@0.1.0~prepublish: no script for prepublish, continuing
12 verbose tar pack [ 'C:\\Users\\Administrator\\AppData\\Roaming\\npm-cache\\jsonarray_minimizer\\0.1.0\\package.tgz',
12 verbose tar pack   'D:\\D\\all-code-files\\node-course\\generic_functions\\jsonarray_minimizer' ]
13 verbose tarball C:\Users\Administrator\AppData\Roaming\npm-cache\jsonarray_minimizer\0.1.0\package.tgz
14 verbose folder D:\D\all-code-files\node-course\generic_functions\jsonarray_minimizer
15 verbose addLocalTarball adding from inside cache C:\Users\Administrator\AppData\Roaming\npm-cache\jsonarray_minimizer\0.1.0\package.tgz
16 verbose correctMkdir C:\Users\Administrator\AppData\Roaming\npm-cache correctMkdir not in flight; initializing
17 silly cache afterAdd jsonarray_minimizer@0.1.0
18 verbose afterAdd C:\Users\Administrator\AppData\Roaming\npm-cache\jsonarray_minimizer\0.1.0\package\package.json not in flight; writing
19 verbose correctMkdir C:\Users\Administrator\AppData\Roaming\npm-cache correctMkdir not in flight; initializing
20 verbose afterAdd C:\Users\Administrator\AppData\Roaming\npm-cache\jsonarray_minimizer\0.1.0\package\package.json written
21 silly publish { name: 'jsonarray_minimizer',
21 silly publish   version: '0.1.0',
21 silly publish   description: 'it minimize the size of json object or array by removing invalid values like undefined, null, empty array [] and empty json object {}',
21 silly publish   main: 'index.js',
21 silly publish   scripts: { test: 'mocha --reporter nyan' },
21 silly publish   author: { name: 'nafisahmed' },
21 silly publish   license: 'MIT',
21 silly publish   devDependencies: { chai: '^4.1.2', mocha: '^3.5.3' },
21 silly publish   readme: 'JSON or Array minimizer\r\n=========\r\n\r\nit minimize the size of json object or array by removing invalid values like undefined, null, empty array [] and empty json object {}\r\n\r\n## Installation\r\n\r\n  `npm install jsonarray_minimizer`\r\n\r\n## Usage\r\n\r\n    var ja_minimizer = require(\'../index\');\r\n\r\n    var object = {\r\n        a:{a:"abc", b:{}, c:{a:"a", b:{a:{a:{a:null,b:undefined,c:{},d:"d"}}}}},\r\n        b:[1,2,"",null],\r\n        c:"nafis",\r\n        d:null,\r\n        e:undefined,\r\n        f:"",\r\n        g:[[],{}],\r\n        h:"",\r\n        i:null,\r\n        j:"nafis ahmed",\r\n        k:["abc",null,[],{},["a","b"],undefined],\r\n        l:{\r\n            a:["av"],\r\n            b:{\r\n                "hi":{}\r\n            },\r\n            c:{},\r\n            d:{\r\n                a:"a"\r\n            },\r\n            e:[undefined]\r\n\r\n        }\r\n\r\n    }\r\n\r\n   console.log(ja_minimizer(object));\r\n\r\n\r\n  Output should be {"a":{"a":"abc","c":{"a":"a","b":{"a":{"a":{"d":"d"}}}}},"b":[1,2],"c":"nafis","j":"nafis ahmed","k":["abc",["a","b"]],"l":{"a":["av"],"d":{"a":"a"}}}\r\n\r\n\r\n   ## Tests\r\n\r\n     `npm test`\r\n\r\n   ## Contributing\r\n\r\n   I have built this code for ignoring code logic for deleting empty values and object . You can test as above mentioned',
21 silly publish   readmeFilename: 'README.md',
21 silly publish   gitHead: '7e8e6bbd47c4b7092c1388173813434ee719f9f3',
21 silly publish   _id: 'jsonarray_minimizer@0.1.0',
21 silly publish   _shasum: 'abc592652428ebd953714f1e119f69ef5732118d',
21 silly publish   _from: '.' }
22 verbose getPublishConfig undefined
23 silly mapToRegistry name jsonarray_minimizer
24 silly mapToRegistry using default registry
25 silly mapToRegistry registry https://registry.npmjs.org/
26 silly mapToRegistry data Result {
26 silly mapToRegistry   raw: 'jsonarray_minimizer',
26 silly mapToRegistry   scope: null,
26 silly mapToRegistry   escapedName: 'jsonarray_minimizer',
26 silly mapToRegistry   name: 'jsonarray_minimizer',
26 silly mapToRegistry   rawSpec: '',
26 silly mapToRegistry   spec: 'latest',
26 silly mapToRegistry   type: 'tag' }
27 silly mapToRegistry uri https://registry.npmjs.org/jsonarray_minimizer
28 verbose publish registryBase https://registry.npmjs.org/
29 silly publish uploading C:\Users\Administrator\AppData\Roaming\npm-cache\jsonarray_minimizer\0.1.0\package.tgz
30 verbose request uri https://registry.npmjs.org/jsonarray_minimizer
31 verbose request sending authorization for write operation
32 info attempt registry request try #1 at 4:19:37 PM
33 verbose request using bearer token for auth
34 verbose request id 3826df3c66636771
35 http request PUT https://registry.npmjs.org/jsonarray_minimizer
36 http 403 https://registry.npmjs.org/jsonarray_minimizer
37 verbose headers { 'content-type': 'application/json',
37 verbose headers   'cache-control': 'max-age=300',
37 verbose headers   'content-length': '91',
37 verbose headers   'accept-ranges': 'bytes',
37 verbose headers   date: 'Tue, 26 Sep 2017 10:49:44 GMT',
37 verbose headers   via: '1.1 varnish',
37 verbose headers   connection: 'keep-alive',
37 verbose headers   'x-served-by': 'cache-hkg17934-HKG',
37 verbose headers   'x-cache': 'MISS',
37 verbose headers   'x-cache-hits': '0',
37 verbose headers   'x-timer': 'S1506422984.309214,VS0,VE219',
37 verbose headers   vary: 'Accept-Encoding, Accept' }
38 verbose request invalidating C:\Users\Administrator\AppData\Roaming\npm-cache\registry.npmjs.org\jsonarray_minimizer on PUT
39 error publish Failed PUT 403
40 verbose stack Error: You cannot publish over the previously published version 0.1.0. : jsonarray_minimizer
40 verbose stack     at makeError (C:\Program Files\nodejs\node_modules\npm\node_modules\npm-registry-client\lib\request.js:264:12)
40 verbose stack     at CachingRegistryClient.<anonymous> (C:\Program Files\nodejs\node_modules\npm\node_modules\npm-registry-client\lib\request.js:252:14)
40 verbose stack     at Request._callback (C:\Program Files\nodejs\node_modules\npm\node_modules\npm-registry-client\lib\request.js:172:14)
40 verbose stack     at Request.self.callback (C:\Program Files\nodejs\node_modules\npm\node_modules\request\request.js:200:22)
40 verbose stack     at emitTwo (events.js:106:13)
40 verbose stack     at Request.emit (events.js:191:7)
40 verbose stack     at Request.<anonymous> (C:\Program Files\nodejs\node_modules\npm\node_modules\request\request.js:1067:10)
40 verbose stack     at emitOne (events.js:101:20)
40 verbose stack     at Request.emit (events.js:188:7)
40 verbose stack     at IncomingMessage.<anonymous> (C:\Program Files\nodejs\node_modules\npm\node_modules\request\request.js:988:12)
41 verbose statusCode 403
42 verbose pkgid jsonarray_minimizer
43 verbose cwd D:\D\all-code-files\node-course\generic_functions\jsonarray_minimizer
44 error Windows_NT 6.1.7601
45 error argv "C:\\Program Files\\nodejs\\node.exe" "C:\\Program Files\\nodejs\\node_modules\\npm\\bin\\npm-cli.js" "publish"
46 error node v6.3.1
47 error npm  v3.10.3
48 error code E403
49 error You cannot publish over the previously published version 0.1.0. : jsonarray_minimizer
50 error If you need help, you may report this error at:
50 error     <https://github.com/npm/npm/issues>
51 verbose exit [ 1, true ]
